<?xml version="1.0" encoding="UTF-8"?>
<!-- Generated by org.testng.reporters.JUnitXMLReporter -->
<testsuite ignored="0" hostname="LAPTOP-PJ026AG2" failures="1" tests="6" name="personal loan" time="0.039" errors="0" timestamp="2023-07-25T15:52:43 IST">
  <testcase classname="Test.day1" name="Demo" time="0.003"/>
  <testcase classname="Test.day1" name="SecondTest" time="0.001"/>
  <testcase classname="Test.day2" name="ploan" time="0.0">
    <failure type="org.testng.TestNGException" message="
Parameter &amp;apos;URL&amp;apos; is required by @Test on method ploan but has not been marked @Optional or defined
in D:\Manjula\selenium\eclipse\TESTNG\testng.xml">
      <![CDATA[org.testng.TestNGException: 
Parameter 'URL' is required by @Test on method ploan but has not been marked @Optional or defined
in D:\Manjula\selenium\eclipse\TESTNG\testng.xml
at java.base/java.util.ArrayList.forEach(ArrayList.java:1511)
... Removed 26 stack frames]]>
    </failure>
  </testcase> <!-- ploan -->
  <testcase classname="Test.day4" name="LoginAPIhomeloan" time="0.001"/>
  <testcase classname="Test.day4" name="Mobilehomeloan" time="0.0"/>
  <testcase classname="Test.day4" name="webloginhomeloan" time="0.0"/>
</testsuite> <!-- personal loan -->
